#
# A fatal error has been detected by the Java Runtime Environment:
#
#  EXCEPTION_ACCESS_VIOLATION (0xc0000005) at pc=0x00007ffa4d0241b8, pid=22264, tid=19168
#
# JRE version: Java(TM) SE Runtime Environment 18.9 (11.0.9+7) (build 11.0.9+7-LTS)
# Java VM: Java HotSpot(TM) 64-Bit Server VM 18.9 (11.0.9+7-LTS, mixed mode, tiered, compressed oops, parallel gc, windows-amd64)
# Problematic frame:
# V  [jvm.dll+0x6541b8]
#
# No core dump will be written. Minidumps are not enabled by default on client versions of Windows
#
# If you would like to submit a bug report, please visit:
#   https://bugreport.java.com/bugreport/crash.jsp
#

---------------  S U M M A R Y ------------

Command Line: --add-modules=ALL-SYSTEM --add-opens=java.base/java.util=ALL-UNNAMED --add-opens=java.base/java.lang=ALL-UNNAMED -Declipse.application=org.eclipse.jdt.ls.core.id1 -Dosgi.bundles.defaultStartLevel=4 -Declipse.product=org.eclipse.jdt.ls.core.product -Dfile.encoding=utf8 -DwatchParentProcess=false -XX:+UseParallelGC -XX:GCTimeRatio=4 -XX:AdaptiveSizePolicyWeight=90 -Dsun.zip.disableMemoryMapping=true -Xmx1G -Xms100m -Xverify:none c:\Users\JHern\.vscode\extensions\redhat.java-0.69.0\server\plugins\org.eclipse.equinox.launcher_1.5.800.v20200727-1323.jar -configuration c:\Users\JHern\AppData\Roaming\Code\User\globalStorage\redhat.java\0.69.0\config_win -data c:\Users\JHern\AppData\Roaming\Code\User\workspaceStorage\293bde8d5f41b3fd17be248e248a4d6a\redhat.java\jdt_ws

Host: Intel(R) Core(TM) i9-9900K CPU @ 3.60GHz, 16 cores, 31G,  Windows 10 , 64 bit Build 19041 (10.0.19041.546)
Time: Sat Oct 31 20:15:33 2020 Eastern Daylight Time elapsed time: 36450.254678 seconds (0d 10h 7m 30s)

---------------  T H R E A D  ---------------

Current thread (0x0000022bcbb54800):  GCTaskThread "ParGC Thread#4" [stack: 0x0000004f0a100000,0x0000004f0a200000] [id=19168]

Stack: [0x0000004f0a100000,0x0000004f0a200000],  sp=0x0000004f0a1ff870,  free space=1022k
Native frames: (J=compiled Java code, j=interpreted, Vv=VM code, C=native code)
V  [jvm.dll+0x6541b8]
V  [jvm.dll+0x654e45]
V  [jvm.dll+0x658785]
V  [jvm.dll+0x30dbaa]
V  [jvm.dll+0x709114]
V  [jvm.dll+0x610cb6]
C  [ucrtbase.dll+0x214c2]
C  [KERNEL32.DLL+0x17034]
C  [ntdll.dll+0x4cec1]


siginfo: EXCEPTION_ACCESS_VIOLATION (0xc0000005), reading address 0xffffffffffffffff


Register to memory mapping:

RIP=0x00007ffa4d0241b8 jvm.dll
RAX=0x0004575a51cfd000 is an unknown value
RBX=
[error occurred during error reporting (printing register info), id 0xc0000005, EXCEPTION_ACCESS_VIOLATION (0xc0000005) at pc=0x00007ffa4cff2356]

Registers:
RAX=0x0004575a51cfd000, RBX=0x00000000d1cfd008, RCX=0x0000022bad28e7e8, RDX=0x0000000000000001
RSP=0x0000004f0a1ff870, RBP=0x000000000000000e, RSI=0x000000008e6e3500, RDI=0x00000000eae92248
R8 =0x00000000c0100501, R9 =0x0000000000000000, R10=0x0000000000000008, R11=0x0000004f0a1ff8d0
R12=0x0000000000000070, R13=0x0000000000000001, R14=0x0000000000000000, R15=0x0000000000000001
RIP=0x00007ffa4d0241b8, EFLAGS=0x0000000000010287

Top of Stack: (sp=0x0000004f0a1ff870)
0x0000004f0a1ff870:   00000000eb36ac94 0000022bc7371a80
0x0000004f0a1ff880:   0000022bc7371a80 00007ffa4cfb4754
0x0000004f0a1ff890:   0000000000000000 00007ffa4cca8a01
0x0000004f0a1ff8a0:   0000022bc7371aa8 00007ffa4d025e94
0x0000004f0a1ff8b0:   0000000000000400 00007ffa4d0246d0
0x0000004f0a1ff8c0:   0000022bad63b980 000000000000002f
0x0000004f0a1ff8d0:   0000000000000000 0000022bcbb54800
0x0000004f0a1ff8e0:   0000000000000000 00007ffa4d26f901
0x0000004f0a1ff8f0:   002514a100016982 00007ffa4d024e45
0x0000004f0a1ff900:   00000000eb36ac94 00000000eadfbf20
0x0000004f0a1ff910:   0000004f0a1ff970 0000022bc7371a80
0x0000004f0a1ff920:   002514a100016982 00007ffa4cfb5490
0x0000004f0a1ff930:   00248541000144e3 002514a000016982
0x0000004f0a1ff940:   002514a100016982 00007ffa4cca8a95
0x0000004f0a1ff950:   0000000000000000 00000000eb36ad21
0x0000004f0a1ff960:   00258631000056db 00007ffa4d26f9a8 

Instructions: (pc=0x00007ffa4d0241b8)
0x00007ffa4d024198:   24 28 00 4c 8b c7 48 8b d0 44 89 74 24 20 48 8b
0x00007ffa4d0241a8:   ce 48 8b d8 e8 af 1c 00 00 48 85 db 74 21 48 83
0x00007ffa4d0241b8:   fd 08 0f 87 be 01 00 00 48 8d 0d 39 be 9a ff 8b
0x00007ffa4d0241c8:   84 a9 5c 45 65 00 48 03 c1 ff e0 c6 46 58 01 48 


Stack slot to memory mapping:
stack at sp + 0 slots: 0x00000000eb36ac94 points into unknown readable memory: 48 22 e9 ea
stack at sp + 1 slots: 0x0000022bc7371a80 points into unknown readable memory: 58 f3 26 4d fa 7f 00 00
stack at sp + 2 slots: 0x0000022bc7371a80 points into unknown readable memory: 58 f3 26 4d fa 7f 00 00
stack at sp + 3 slots: 0x00007ffa4cfb4754 jvm.dll
stack at sp + 4 slots: 0x0 is NULL
stack at sp + 5 slots: 0x00007ffa4cca8a01 jvm.dll
stack at sp + 6 slots: 0x0000022bc7371aa8 points into unknown readable memory: 68 f3 26 4d fa 7f 00 00
stack at sp + 7 slots: 0x00007ffa4d025e94 jvm.dll


---------------  P R O C E S S  ---------------

Threads class SMR info:
_java_thread_list=0x0000022bdd086dd0, length=40, elements={
0x0000022bad62b000, 0x0000022bc8592800, 0x0000022bc8595800, 0x0000022bc85d9800,
0x0000022bc748f800, 0x0000022bc7492000, 0x0000022bc7499800, 0x0000022bc749e000,
0x0000022bc8731800, 0x0000022bca76c000, 0x0000022bcb499000, 0x0000022bcb6c3000,
0x0000022bcab5e800, 0x0000022bcace1000, 0x0000022bcb7db800, 0x0000022bcbbbb800,
0x0000022bcbbbe000, 0x0000022bcd6cd800, 0x0000022bcd6d2800, 0x0000022bcd6d6800,
0x0000022bcd6d0800, 0x0000022bd8314800, 0x0000022bd831c000, 0x0000022bd831d800,
0x0000022bd831f000, 0x0000022bd831d000, 0x0000022bc8838800, 0x0000022bc8834800,
0x0000022bc883a000, 0x0000022bcd6ce800, 0x0000022bcd6c9800, 0x0000022bcd6cc000,
0x0000022bcd6d3000, 0x0000022bcd6d0000, 0x0000022bcd6d5000, 0x0000022bcd6d4000,
0x0000022bc8836000, 0x0000022bc8833800, 0x0000022bc8835800, 0x0000022bc8833000
}

Java Threads: ( => current thread )
  0x0000022bad62b000 JavaThread "main" [_thread_blocked, id=17648, stack(0x0000004f08600000,0x0000004f08700000)]
  0x0000022bc8592800 JavaThread "Reference Handler" daemon [_thread_blocked, id=9540, stack(0x0000004f08900000,0x0000004f08a00000)]
  0x0000022bc8595800 JavaThread "Finalizer" daemon [_thread_blocked, id=27440, stack(0x0000004f08a00000,0x0000004f08b00000)]
  0x0000022bc85d9800 JavaThread "Signal Dispatcher" daemon [_thread_blocked, id=15940, stack(0x0000004f08b00000,0x0000004f08c00000)]
  0x0000022bc748f800 JavaThread "Attach Listener" daemon [_thread_blocked, id=23544, stack(0x0000004f08c00000,0x0000004f08d00000)]
  0x0000022bc7492000 JavaThread "C2 CompilerThread0" daemon [_thread_blocked, id=30560, stack(0x0000004f08d00000,0x0000004f08e00000)]
  0x0000022bc7499800 JavaThread "C1 CompilerThread0" daemon [_thread_blocked, id=16120, stack(0x0000004f08e00000,0x0000004f08f00000)]
  0x0000022bc749e000 JavaThread "Sweeper thread" daemon [_thread_blocked, id=9772, stack(0x0000004f08f00000,0x0000004f09000000)]
  0x0000022bc8731800 JavaThread "Common-Cleaner" daemon [_thread_blocked, id=12752, stack(0x0000004f09000000,0x0000004f09100000)]
  0x0000022bca76c000 JavaThread "Service Thread" daemon [_thread_blocked, id=25788, stack(0x0000004f09300000,0x0000004f09400000)]
  0x0000022bcb499000 JavaThread "Active Thread: Equinox Container: d47f31e6-2450-4dc1-bd51-007645d02d7a" [_thread_blocked, id=30396, stack(0x0000004f09600000,0x0000004f09700000)]
  0x0000022bcb6c3000 JavaThread "Framework Event Dispatcher: Equinox Container: d47f31e6-2450-4dc1-bd51-007645d02d7a" daemon [_thread_blocked, id=22124, stack(0x0000004f09700000,0x0000004f09800000)]
  0x0000022bcab5e800 JavaThread "Start Level: Equinox Container: d47f31e6-2450-4dc1-bd51-007645d02d7a" daemon [_thread_blocked, id=14356, stack(0x0000004f09b00000,0x0000004f09c00000)]
  0x0000022bcace1000 JavaThread "SCR Component Actor" daemon [_thread_blocked, id=21132, stack(0x0000004f09c00000,0x0000004f09d00000)]
  0x0000022bcb7db800 JavaThread "Worker-JM" [_thread_blocked, id=26540, stack(0x0000004f0a000000,0x0000004f0a100000)]
  0x0000022bcbbbb800 JavaThread "Java indexing" daemon [_thread_blocked, id=9476, stack(0x0000004f0a600000,0x0000004f0a700000)]
  0x0000022bcbbbe000 JavaThread "pool-1-thread-1" [_thread_in_native, id=31068, stack(0x0000004f0ad00000,0x0000004f0ae00000)]
  0x0000022bcd6cd800 JavaThread "Bundle File Closer" daemon [_thread_blocked, id=12284, stack(0x0000004f0c300000,0x0000004f0c400000)]
  0x0000022bcd6d2800 JavaThread "Java Debug Server" daemon [_thread_in_native, id=26572, stack(0x0000004f0ae00000,0x0000004f0af00000)]
  0x0000022bcd6d6800 JavaThread "RxSchedulerPurge-1" daemon [_thread_blocked, id=27396, stack(0x0000004f0b200000,0x0000004f0b300000)]
  0x0000022bcd6d0800 JavaThread "RxCachedWorkerPoolEvictor-1" daemon [_thread_blocked, id=20348, stack(0x0000004f0b300000,0x0000004f0b400000)]
  0x0000022bd8314800 JavaThread "ForkJoinPool.commonPool-worker-29" daemon [_thread_blocked, id=5284, stack(0x0000004f08400000,0x0000004f08500000)]
  0x0000022bd831c000 JavaThread "ForkJoinPool.commonPool-worker-5" daemon [_thread_blocked, id=16592, stack(0x0000004f09d00000,0x0000004f09e00000)]
  0x0000022bd831d800 JavaThread "ForkJoinPool.commonPool-worker-23" daemon [_thread_blocked, id=12444, stack(0x0000004f09e00000,0x0000004f09f00000)]
  0x0000022bd831f000 JavaThread "ForkJoinPool.commonPool-worker-27" daemon [_thread_blocked, id=24644, stack(0x0000004f0a300000,0x0000004f0a400000)]
  0x0000022bd831d000 JavaThread "ForkJoinPool.commonPool-worker-13" daemon [_thread_blocked, id=22612, stack(0x0000004f09500000,0x0000004f09600000)]
  0x0000022bc8838800 JavaThread "ForkJoinPool.commonPool-worker-7" daemon [_thread_blocked, id=15868, stack(0x0000004f0b500000,0x0000004f0b600000)]
  0x0000022bc8834800 JavaThread "ForkJoinPool.commonPool-worker-25" daemon [_thread_blocked, id=3684, stack(0x0000004f0b600000,0x0000004f0b700000)]
  0x0000022bc883a000 JavaThread "ForkJoinPool.commonPool-worker-19" daemon [_thread_blocked, id=3736, stack(0x0000004f0b700000,0x0000004f0b800000)]
  0x0000022bcd6ce800 JavaThread "ForkJoinPool.commonPool-worker-1" daemon [_thread_blocked, id=2672, stack(0x0000004f09100000,0x0000004f09200000)]
  0x0000022bcd6c9800 JavaThread "Worker-88" [_thread_blocked, id=14568, stack(0x0000004f09200000,0x0000004f09300000)]
  0x0000022bcd6cc000 JavaThread "ForkJoinPool.commonPool-worker-9" daemon [_thread_blocked, id=13060, stack(0x0000004f0a400000,0x0000004f0a500000)]
  0x0000022bcd6d3000 JavaThread "ForkJoinPool.commonPool-worker-31" daemon [_thread_blocked, id=21268, stack(0x0000004f0a500000,0x0000004f0a600000)]
  0x0000022bcd6d0000 JavaThread "ForkJoinPool.commonPool-worker-11" daemon [_thread_blocked, id=7204, stack(0x0000004f0b000000,0x0000004f0b100000)]
  0x0000022bcd6d5000 JavaThread "ForkJoinPool.commonPool-worker-3" daemon [_thread_blocked, id=17848, stack(0x0000004f0b100000,0x0000004f0b200000)]
  0x0000022bcd6d4000 JavaThread "ForkJoinPool.commonPool-worker-15" daemon [_thread_blocked, id=11248, stack(0x0000004f0b400000,0x0000004f0b500000)]
  0x0000022bc8836000 JavaThread "Worker-89" [_thread_blocked, id=30660, stack(0x0000004f08500000,0x0000004f08600000)]
  0x0000022bc8833800 JavaThread "ForkJoinPool.commonPool-worker-17" daemon [_thread_blocked, id=7172, stack(0x0000004f09f00000,0x0000004f0a000000)]
  0x0000022bc8835800 JavaThread "Worker-91" [_thread_blocked, id=16564, stack(0x0000004f08300000,0x0000004f08400000)]
  0x0000022bc8833000 JavaThread "Worker-92" [_thread_blocked, id=9664, stack(0x0000004f0b800000,0x0000004f0b900000)]

Other Threads:
  0x0000022bc7374000 VMThread "VM Thread" [stack: 0x0000004f08800000,0x0000004f08900000] [id=27152]
  0x0000022bc8852000 WatcherThread [stack: 0x0000004f09400000,0x0000004f09500000] [id=5956]
  0x0000022bad640800 GCTaskThread "ParGC Thread#0" [stack: 0x0000004f08700000,0x0000004f08800000] [id=24620]
  0x0000022bcb1de800 GCTaskThread "ParGC Thread#1" [stack: 0x0000004f09800000,0x0000004f09900000] [id=4176]
  0x0000022bcb1df000 GCTaskThread "ParGC Thread#2" [stack: 0x0000004f09900000,0x0000004f09a00000] [id=15000]
  0x0000022bcab52000 GCTaskThread "ParGC Thread#3" [stack: 0x0000004f09a00000,0x0000004f09b00000] [id=12520]
=>0x0000022bcbb54800 GCTaskThread "ParGC Thread#4" [stack: 0x0000004f0a100000,0x0000004f0a200000] [id=19168]
  0x0000022bcb788000 GCTaskThread "ParGC Thread#5" [stack: 0x0000004f0a200000,0x0000004f0a300000] [id=24568]
  0x0000022bcbc62000 GCTaskThread "ParGC Thread#6" [stack: 0x0000004f0a700000,0x0000004f0a800000] [id=15456]
  0x0000022bcbcdb000 GCTaskThread "ParGC Thread#7" [stack: 0x0000004f0a800000,0x0000004f0a900000] [id=11424]
  0x0000022bcbec9000 GCTaskThread "ParGC Thread#8" [stack: 0x0000004f0a900000,0x0000004f0aa00000] [id=29268]
  0x0000022bcbcdb800 GCTaskThread "ParGC Thread#9" [stack: 0x0000004f0aa00000,0x0000004f0ab00000] [id=3404]
  0x0000022bcb862800 GCTaskThread "ParGC Thread#10" [stack: 0x0000004f0ab00000,0x0000004f0ac00000] [id=26352]
  0x0000022bcb863000 GCTaskThread "ParGC Thread#11" [stack: 0x0000004f0ac00000,0x0000004f0ad00000] [id=28628]
  0x0000022bcd612800 GCTaskThread "ParGC Thread#12" [stack: 0x0000004f0af00000,0x0000004f0b000000] [id=30128]

Threads with active compile tasks:

VM state:at safepoint (normal execution)

VM Mutex/Monitor currently owned by a thread:  ([mutex/lock_event])
[0x0000022bad628160] Threads_lock - owner thread: 0x0000022bc7374000
[0x0000022bad6292d0] Heap_lock - owner thread: 0x0000022bcd6ce800

Heap address: 0x00000000c0000000, size: 1024 MB, Compressed Oops mode: 32-bit
Narrow klass base: 0x0000000000000000, Narrow klass shift: 3
Compressed class space size: 1073741824 Address: 0x0000000100000000

Heap:
 PSYoungGen      total 7168K, used 5984K [0x00000000eab00000, 0x00000000eb400000, 0x0000000100000000)
  eden space 5632K, 100% used [0x00000000eab00000,0x00000000eb080000,0x00000000eb080000)
  from space 1536K, 22% used [0x00000000eb080000,0x00000000eb0d8000,0x00000000eb200000)
  to   space 1024K, 99% used [0x00000000eb300000,0x00000000eb3ff070,0x00000000eb400000)
 ParOldGen       total 294400K, used 292152K [0x00000000c0000000, 0x00000000d1f80000, 0x00000000eab00000)
  object space 294400K, 99% used [0x00000000c0000000,0x00000000d1d4e0f8,0x00000000d1f80000)
 Metaspace       used 87538K, capacity 90962K, committed 91224K, reserved 1132544K
  class space    used 7495K, capacity 8723K, committed 8832K, reserved 1048576K

Card table byte_map: [0x0000022bacff0000,0x0000022bad200000] _byte_map_base: 0x0000022bac9f0000

Marking Bits: (ParMarkBitMap*) 0x00007ffa4d40f440
 Begin Bits: [0x0000022bc4ab0000, 0x0000022bc5ab0000)
 End Bits:   [0x0000022bc5ab0000, 0x0000022bc6ab0000)

Polling page: 0x0000022bab580000

Metaspace:

Usage:
  Non-class:     80.31 MB capacity,    78.17 MB ( 97%) used,     1.95 MB (  2%) free+waste,   196.69 KB ( <1%) overhead. 
      Class:      8.52 MB capacity,     7.32 MB ( 86%) used,     1.12 MB ( 13%) free+waste,    75.75 KB ( <1%) overhead. 
       Both:     88.83 MB capacity,    85.49 MB ( 96%) used,     3.08 MB (  3%) free+waste,   272.44 KB ( <1%) overhead. 

Virtual space:
  Non-class space:       82.00 MB reserved,      80.46 MB ( 98%) committed 
      Class space:        1.00 GB reserved,       8.63 MB ( <1%) committed 
             Both:        1.08 GB reserved,      89.09 MB (  8%) committed 

Chunk freelists:
   Non-Class:  3.13 KB
       Class:  640 bytes
        Both:  3.75 KB

CodeHeap 'non-profiled nmethods': size=119168Kb used=35695Kb max_used=35695Kb free=83472Kb
 bounds [0x0000022bbd650000, 0x0000022bbf9b0000, 0x0000022bc4ab0000]
CodeHeap 'profiled nmethods': size=119168Kb used=42542Kb max_used=43499Kb free=76625Kb
 bounds [0x0000022bb61f0000, 0x0000022bb8d90000, 0x0000022bbd650000]
CodeHeap 'non-nmethods': size=7424Kb used=1326Kb max_used=3092Kb free=6097Kb
 bounds [0x0000022bb5ab0000, 0x0000022bb5ee0000, 0x0000022bb61f0000]
 total_blobs=22028 nmethods=21301 adapters=634
 compilation: enabled
              stopped_count=0, restarted_count=0
 full_count=0

Compilation events (10 events):
Event: 36441.784 Thread 0x0000022bc7499800 35035       3       org.eclipse.jdt.internal.corext.refactoring.code.flow.FlowAnalyzer::endVisit (75 bytes)
Event: 36441.785 Thread 0x0000022bc7499800 nmethod 35035 0x0000022bb81a4410 code [0x0000022bb81a4720, 0x0000022bb81a6040]
Event: 36447.445 Thread 0x0000022bc7492000 35036       4       java.lang.ref.Cleaner$1::apply (5 bytes)
Event: 36447.445 Thread 0x0000022bc7492000 nmethod 35036 0x0000022bbdeec810 code [0x0000022bbdeec9a0, 0x0000022bbdeeca18]
Event: 36447.462 Thread 0x0000022bc7492000 35037       4       sun.nio.fs.WindowsFileAttributes::toFileTime (20 bytes)
Event: 36447.462 Thread 0x0000022bc7492000 nmethod 35037 0x0000022bbeca6590 code [0x0000022bbeca6720, 0x0000022bbeca6818]
Event: 36447.643 Thread 0x0000022bc7492000 35038       4       org.eclipse.jdt.internal.core.SourceMapper::getNameRange (282 bytes)
Event: 36447.648 Thread 0x0000022bc7492000 nmethod 35038 0x0000022bbef27910 code [0x0000022bbef27b20, 0x0000022bbef28180]
Event: 36448.329 Thread 0x0000022bc7492000 35039   !   4       org.eclipse.jdt.internal.core.util.PublicScanner::getNextToken (3933 bytes)
Event: 36448.506 Thread 0x0000022bc7492000 nmethod 35039 0x0000022bbf933290 code [0x0000022bbf933da0, 0x0000022bbf939700]

GC Heap History (10 events):
Event: 36449.586 GC heap after
{Heap after GC invocations=28137 (full 1070):
 PSYoungGen      total 6144K, used 3072K [0x00000000eab00000, 0x00000000eb700000, 0x0000000100000000)
  eden space 3072K, 0% used [0x00000000eab00000,0x00000000eab00000,0x00000000eae00000)
  from space 3072K, 100% used [0x00000000eae00000,0x00000000eb100000,0x00000000eb100000)
  to   space 4096K, 0% used [0x00000000eb300000,0x00000000eb300000,0x00000000eb700000)
 ParOldGen       total 294400K, used 282052K [0x00000000c0000000, 0x00000000d1f80000, 0x00000000eab00000)
  object space 294400K, 95% used [0x00000000c0000000,0x00000000d1371270,0x00000000d1f80000)
 Metaspace       used 87538K, capacity 90962K, committed 91224K, reserved 1132544K
  class space    used 7495K, capacity 8723K, committed 8832K, reserved 1048576K
}
Event: 36449.593 GC heap before
{Heap before GC invocations=28138 (full 1070):
 PSYoungGen      total 6144K, used 6144K [0x00000000eab00000, 0x00000000eb700000, 0x0000000100000000)
  eden space 3072K, 100% used [0x00000000eab00000,0x00000000eae00000,0x00000000eae00000)
  from space 3072K, 100% used [0x00000000eae00000,0x00000000eb100000,0x00000000eb100000)
  to   space 4096K, 0% used [0x00000000eb300000,0x00000000eb300000,0x00000000eb700000)
 ParOldGen       total 294400K, used 282052K [0x00000000c0000000, 0x00000000d1f80000, 0x00000000eab00000)
  object space 294400K, 95% used [0x00000000c0000000,0x00000000d1371270,0x00000000d1f80000)
 Metaspace       used 87538K, capacity 90962K, committed 91224K, reserved 1132544K
  class space    used 7495K, capacity 8723K, committed 8832K, reserved 1048576K
}
Event: 36449.598 GC heap after
{Heap after GC invocations=28138 (full 1070):
 PSYoungGen      total 7680K, used 3104K [0x00000000eab00000, 0x00000000eb680000, 0x0000000100000000)
  eden space 4096K, 0% used [0x00000000eab00000,0x00000000eab00000,0x00000000eaf00000)
  from space 3584K, 86% used [0x00000000eb300000,0x00000000eb608000,0x00000000eb680000)
  to   space 3584K, 0% used [0x00000000eaf80000,0x00000000eaf80000,0x00000000eb300000)
 ParOldGen       total 294400K, used 285124K [0x00000000c0000000, 0x00000000d1f80000, 0x00000000eab00000)
  object space 294400K, 96% used [0x00000000c0000000,0x00000000d1671270,0x00000000d1f80000)
 Metaspace       used 87538K, capacity 90962K, committed 91224K, reserved 1132544K
  class space    used 7495K, capacity 8723K, committed 8832K, reserved 1048576K
}
Event: 36449.602 GC heap before
{Heap before GC invocations=28139 (full 1070):
 PSYoungGen      total 7680K, used 7200K [0x00000000eab00000, 0x00000000eb680000, 0x0000000100000000)
  eden space 4096K, 100% used [0x00000000eab00000,0x00000000eaf00000,0x00000000eaf00000)
  from space 3584K, 86% used [0x00000000eb300000,0x00000000eb608000,0x00000000eb680000)
  to   space 3584K, 0% used [0x00000000eaf80000,0x00000000eaf80000,0x00000000eb300000)
 ParOldGen       total 294400K, used 285124K [0x00000000c0000000, 0x00000000d1f80000, 0x00000000eab00000)
  object space 294400K, 96% used [0x00000000c0000000,0x00000000d1671270,0x00000000d1f80000)
 Metaspace       used 87538K, capacity 90962K, committed 91224K, reserved 1132544K
  class space    used 7495K, capacity 8723K, committed 8832K, reserved 1048576K
}
Event: 36449.605 GC heap after
{Heap after GC invocations=28139 (full 1070):
 PSYoungGen      total 6144K, used 1440K [0x00000000eab00000, 0x00000000eb500000, 0x0000000100000000)
  eden space 4608K, 0% used [0x00000000eab00000,0x00000000eab00000,0x00000000eaf80000)
  from space 1536K, 93% used [0x00000000eaf80000,0x00000000eb0e8000,0x00000000eb100000)
  to   space 2560K, 0% used [0x00000000eb280000,0x00000000eb280000,0x00000000eb500000)
 ParOldGen       total 294400K, used 288057K [0x00000000c0000000, 0x00000000d1f80000, 0x00000000eab00000)
  object space 294400K, 97% used [0x00000000c0000000,0x00000000d194e6f0,0x00000000d1f80000)
 Metaspace       used 87538K, capacity 90962K, committed 91224K, reserved 1132544K
  class space    used 7495K, capacity 8723K, committed 8832K, reserved 1048576K
}
Event: 36449.612 GC heap before
{Heap before GC invocations=28140 (full 1070):
 PSYoungGen      total 6144K, used 6048K [0x00000000eab00000, 0x00000000eb500000, 0x0000000100000000)
  eden space 4608K, 100% used [0x00000000eab00000,0x00000000eaf80000,0x00000000eaf80000)
  from space 1536K, 93% used [0x00000000eaf80000,0x00000000eb0e8000,0x00000000eb100000)
  to   space 2560K, 0% used [0x00000000eb280000,0x00000000eb280000,0x00000000eb500000)
 ParOldGen       total 294400K, used 288057K [0x00000000c0000000, 0x00000000d1f80000, 0x00000000eab00000)
  object space 294400K, 97% used [0x00000000c0000000,0x00000000d194e6f0,0x00000000d1f80000)
 Metaspace       used 87538K, capacity 90962K, committed 91224K, reserved 1132544K
  class space    used 7495K, capacity 8723K, committed 8832K, reserved 1048576K
}
Event: 36449.613 GC heap after
{Heap after GC invocations=28140 (full 1070):
 PSYoungGen      total 6656K, used 785K [0x00000000eab00000, 0x00000000eb380000, 0x0000000100000000)
  eden space 5632K, 0% used [0x00000000eab00000,0x00000000eab00000,0x00000000eb080000)
  from space 1024K, 76% used [0x00000000eb280000,0x00000000eb344548,0x00000000eb380000)
  to   space 1536K, 0% used [0x00000000eb080000,0x00000000eb080000,0x00000000eb200000)
 ParOldGen       total 294400K, used 289296K [0x00000000c0000000, 0x00000000d1f80000, 0x00000000eab00000)
  object space 294400K, 98% used [0x00000000c0000000,0x00000000d1a840d8,0x00000000d1f80000)
 Metaspace       used 87538K, capacity 90962K, committed 91224K, reserved 1132544K
  class space    used 7495K, capacity 8723K, committed 8832K, reserved 1048576K
}
Event: 36450.203 GC heap before
{Heap before GC invocations=28141 (full 1070):
 PSYoungGen      total 6656K, used 6417K [0x00000000eab00000, 0x00000000eb380000, 0x0000000100000000)
  eden space 5632K, 100% used [0x00000000eab00000,0x00000000eb080000,0x00000000eb080000)
  from space 1024K, 76% used [0x00000000eb280000,0x00000000eb344548,0x00000000eb380000)
  to   space 1536K, 0% used [0x00000000eb080000,0x00000000eb080000,0x00000000eb200000)
 ParOldGen       total 294400K, used 289296K [0x00000000c0000000, 0x00000000d1f80000, 0x00000000eab00000)
  object space 294400K, 98% used [0x00000000c0000000,0x00000000d1a840d8,0x00000000d1f80000)
 Metaspace       used 87538K, capacity 90962K, committed 91224K, reserved 1132544K
  class space    used 7495K, capacity 8723K, committed 8832K, reserved 1048576K
}
Event: 36450.204 GC heap after
{Heap after GC invocations=28141 (full 1070):
 PSYoungGen      total 7168K, used 352K [0x00000000eab00000, 0x00000000eb400000, 0x0000000100000000)
  eden space 5632K, 0% used [0x00000000eab00000,0x00000000eab00000,0x00000000eb080000)
  from space 1536K, 22% used [0x00000000eb080000,0x00000000eb0d8000,0x00000000eb200000)
  to   space 1024K, 0% used [0x00000000eb300000,0x00000000eb300000,0x00000000eb400000)
 ParOldGen       total 294400K, used 289360K [0x00000000c0000000, 0x00000000d1f80000, 0x00000000eab00000)
  object space 294400K, 98% used [0x00000000c0000000,0x00000000d1a940d8,0x00000000d1f80000)
 Metaspace       used 87538K, capacity 90962K, committed 91224K, reserved 1132544K
  class space    used 7495K, capacity 8723K, committed 8832K, reserved 1048576K
}
Event: 36450.248 GC heap before
{Heap before GC invocations=28142 (full 1070):
 PSYoungGen      total 7168K, used 5984K [0x00000000eab00000, 0x00000000eb400000, 0x0000000100000000)
  eden space 5632K, 100% used [0x00000000eab00000,0x00000000eb080000,0x00000000eb080000)
  from space 1536K, 22% used [0x00000000eb080000,0x00000000eb0d8000,0x00000000eb200000)
  to   space 1024K, 0% used [0x00000000eb300000,0x00000000eb300000,0x00000000eb400000)
 ParOldGen       total 294400K, used 289360K [0x00000000c0000000, 0x00000000d1f80000, 0x00000000eab00000)
  object space 294400K, 98% used [0x00000000c0000000,0x00000000d1a940d8,0x00000000d1f80000)
 Metaspace       used 87538K, capacity 90962K, committed 91224K, reserved 1132544K
  class space    used 7495K, capacity 8723K, committed 8832K, reserved 1048576K
}

Deoptimization events (10 events):
Event: 36346.522 Thread 0x0000022bc8835800 Uncommon trap: reason=unstable_if action=reinterpret pc=0x0000022bbecf285c method=org.eclipse.jdt.internal.compiler.parser.RecoveredMethod.add(Lorg/eclipse/jdt/internal/compiler/ast/FieldDeclaration;I)Lorg/eclipse/jdt/internal/compiler/parser/RecoveredEle
Event: 36346.613 Thread 0x0000022bc8834800 Uncommon trap: reason=class_check action=maybe_recompile pc=0x0000022bbecaa260 method=org.eclipse.jdt.internal.compiler.parser.Parser.reportSyntaxErrorsForSkippedMethod([Lorg/eclipse/jdt/internal/compiler/ast/TypeDeclaration;)V @ 64 c2
Event: 36346.618 Thread 0x0000022bcd6cc000 Uncommon trap: reason=unstable_if action=reinterpret pc=0x0000022bbef27704 method=org.eclipse.jdt.internal.compiler.parser.Scanner.scanForStringLiteral()I @ 699 c2
Event: 36346.618 Thread 0x0000022bd8314800 Uncommon trap: reason=unstable_if action=reinterpret pc=0x0000022bbef27704 method=org.eclipse.jdt.internal.compiler.parser.Scanner.scanForStringLiteral()I @ 699 c2
Event: 36348.229 Thread 0x0000022bcd6d4000 Uncommon trap: reason=class_check action=maybe_recompile pc=0x0000022bbecaa260 method=org.eclipse.jdt.internal.compiler.parser.Parser.reportSyntaxErrorsForSkippedMethod([Lorg/eclipse/jdt/internal/compiler/ast/TypeDeclaration;)V @ 64 c2
Event: 36348.898 Thread 0x0000022bcd6ce800 Uncommon trap: reason=class_check action=maybe_recompile pc=0x0000022bbecaa260 method=org.eclipse.jdt.internal.compiler.parser.Parser.reportSyntaxErrorsForSkippedMethod([Lorg/eclipse/jdt/internal/compiler/ast/TypeDeclaration;)V @ 64 c2
Event: 36349.364 Thread 0x0000022bcd6c9800 Uncommon trap: reason=class_check action=maybe_recompile pc=0x0000022bbecaa260 method=org.eclipse.jdt.internal.compiler.parser.Parser.reportSyntaxErrorsForSkippedMethod([Lorg/eclipse/jdt/internal/compiler/ast/TypeDeclaration;)V @ 64 c2
Event: 36349.367 Thread 0x0000022bcd6c9800 Uncommon trap: reason=class_check action=maybe_recompile pc=0x0000022bbf50a774 method=org.eclipse.jdt.internal.compiler.parser.Parser.reportSyntaxErrorsForSkippedMethod([Lorg/eclipse/jdt/internal/compiler/ast/TypeDeclaration;)V @ 64 c2
Event: 36355.619 Thread 0x0000022bc883a000 Uncommon trap: reason=unstable_if action=reinterpret pc=0x0000022bbf23afb0 method=org.eclipse.jdt.internal.core.search.matching.MatchLocator.reportMatching(Lorg/eclipse/jdt/internal/compiler/ast/TypeDeclaration;Lorg/eclipse/jdt/core/IJavaElement;ILorg/ecl
Event: 36382.253 Thread 0x0000022bc8834800 Uncommon trap: reason=unstable_if action=reinterpret pc=0x0000022bbf936b38 method=org.eclipse.jdt.internal.core.util.PublicScanner.getNextToken()I @ 2926 c2

Classes redefined (0 events):
No events

Internal exceptions (10 events):
Event: 36447.671 Thread 0x0000022bcd6ce800 Exception <a 'java/lang/ClassNotFoundException'{0x00000000eaf7feb0}: sun/net/www/protocol/jdt/Handler> (0x00000000eaf7feb0) thrown at [./open/src/hotspot/share/classfile/systemDictionary.cpp, line 228]
Event: 36447.671 Thread 0x0000022bcd6ce800 Exception <a 'java/lang/ClassNotFoundException'{0x00000000eaf82530}: sun/net/www/protocol/jdt/Handler> (0x00000000eaf82530) thrown at [./open/src/hotspot/share/classfile/systemDictionary.cpp, line 228]
Event: 36447.672 Thread 0x0000022bcd6ce800 Exception <a 'java/lang/ClassNotFoundException'{0x00000000eaf84bd8}: sun/net/www/protocol/jdt/Handler> (0x00000000eaf84bd8) thrown at [./open/src/hotspot/share/classfile/systemDictionary.cpp, line 228]
Event: 36448.474 Thread 0x0000022bcd6ce800 Exception <a 'java/lang/ClassNotFoundException'{0x00000000eb27cdd0}: sun/net/www/protocol/jdt/Handler> (0x00000000eb27cdd0) thrown at [./open/src/hotspot/share/classfile/systemDictionary.cpp, line 228]
Event: 36448.474 Thread 0x0000022bcd6ce800 Exception <a 'java/lang/ClassNotFoundException'{0x00000000eb27f730}: sun/net/www/protocol/jdt/Handler> (0x00000000eb27f730) thrown at [./open/src/hotspot/share/classfile/systemDictionary.cpp, line 228]
Event: 36448.475 Thread 0x0000022bcd6ce800 Exception <a 'java/lang/ClassNotFoundException'{0x00000000eab03e08}: sun/net/www/protocol/jdt/Handler> (0x00000000eab03e08) thrown at [./open/src/hotspot/share/classfile/systemDictionary.cpp, line 228]
Event: 36448.476 Thread 0x0000022bcd6ce800 Exception <a 'java/lang/ClassNotFoundException'{0x00000000eab07140}: sun/net/www/protocol/jdt/Handler> (0x00000000eab07140) thrown at [./open/src/hotspot/share/classfile/systemDictionary.cpp, line 228]
Event: 36448.476 Thread 0x0000022bcd6ce800 Exception <a 'java/lang/ClassNotFoundException'{0x00000000eab097a0}: sun/net/www/protocol/jdt/Handler> (0x00000000eab097a0) thrown at [./open/src/hotspot/share/classfile/systemDictionary.cpp, line 228]
Event: 36448.476 Thread 0x0000022bcd6ce800 Exception <a 'java/lang/ClassNotFoundException'{0x00000000eab0be20}: sun/net/www/protocol/jdt/Handler> (0x00000000eab0be20) thrown at [./open/src/hotspot/share/classfile/systemDictionary.cpp, line 228]
Event: 36448.476 Thread 0x0000022bcd6ce800 Exception <a 'java/lang/ClassNotFoundException'{0x00000000eab0e4c8}: sun/net/www/protocol/jdt/Handler> (0x00000000eab0e4c8) thrown at [./open/src/hotspot/share/classfile/systemDictionary.cpp, line 228]

Events (10 events):
Event: 36449.586 Executing VM operation: ParallelGCFailedAllocation done
Event: 36449.593 Executing VM operation: ParallelGCFailedAllocation
Event: 36449.598 Executing VM operation: ParallelGCFailedAllocation done
Event: 36449.602 Executing VM operation: ParallelGCFailedAllocation
Event: 36449.605 Executing VM operation: ParallelGCFailedAllocation done
Event: 36449.612 Executing VM operation: ParallelGCFailedAllocation
Event: 36449.613 Executing VM operation: ParallelGCFailedAllocation done
Event: 36450.203 Executing VM operation: ParallelGCFailedAllocation
Event: 36450.204 Executing VM operation: ParallelGCFailedAllocation done
Event: 36450.248 Executing VM operation: ParallelGCFailedAllocation


Dynamic libraries:
0x00007ff62d430000 - 0x00007ff62d43f000 	C:\Program Files\Java\jdk-11.0.9\bin\java.exe
0x00007ffa987d0000 - 0x00007ffa989c6000 	C:\WINDOWS\SYSTEM32\ntdll.dll
0x00007ffa97d40000 - 0x00007ffa97dfd000 	C:\WINDOWS\System32\KERNEL32.DLL
0x00007ffa96130000 - 0x00007ffa963f8000 	C:\WINDOWS\System32\KERNELBASE.dll
0x00007ffa95f20000 - 0x00007ffa96020000 	C:\WINDOWS\System32\ucrtbase.dll
0x00007ffa80db0000 - 0x00007ffa80dc8000 	C:\Program Files\Java\jdk-11.0.9\bin\jli.dll
0x00007ffa7c9d0000 - 0x00007ffa7c9e5000 	C:\Program Files\Java\jdk-11.0.9\bin\VCRUNTIME140.dll
0x00007ffa97b10000 - 0x00007ffa97bba000 	C:\WINDOWS\System32\ADVAPI32.dll
0x00007ffa96ce0000 - 0x00007ffa96d7e000 	C:\WINDOWS\System32\msvcrt.dll
0x00007ffa979a0000 - 0x00007ffa97a3b000 	C:\WINDOWS\System32\sechost.dll
0x00007ffa96840000 - 0x00007ffa96964000 	C:\WINDOWS\System32\RPCRT4.dll
0x00007ffa985f0000 - 0x00007ffa98790000 	C:\WINDOWS\System32\USER32.dll
0x00007ffa89740000 - 0x00007ffa899db000 	C:\WINDOWS\WinSxS\amd64_microsoft.windows.common-controls_6595b64144ccf1df_6.0.19041.488_none_ca04af081b815d21\COMCTL32.dll
0x00007ffa96650000 - 0x00007ffa96672000 	C:\WINDOWS\System32\win32u.dll
0x00007ffa96b80000 - 0x00007ffa96baa000 	C:\WINDOWS\System32\GDI32.dll
0x00007ffa96020000 - 0x00007ffa96129000 	C:\WINDOWS\System32\gdi32full.dll
0x00007ffa965b0000 - 0x00007ffa9664d000 	C:\WINDOWS\System32\msvcp_win.dll
0x00007ffa8e3c0000 - 0x00007ffa8e3ca000 	C:\WINDOWS\SYSTEM32\VERSION.dll
0x00007ffa969d0000 - 0x00007ffa96a00000 	C:\WINDOWS\System32\IMM32.DLL
0x00007ffa74060000 - 0x00007ffa740fb000 	C:\Program Files\Java\jdk-11.0.9\bin\msvcp140.dll
0x00007ffa4c9d0000 - 0x00007ffa4d4c7000 	C:\Program Files\Java\jdk-11.0.9\bin\server\jvm.dll
0x00007ffa97a40000 - 0x00007ffa97a48000 	C:\WINDOWS\System32\PSAPI.DLL
0x00007ffa8ffa0000 - 0x00007ffa8ffa9000 	C:\WINDOWS\SYSTEM32\WSOCK32.dll
0x00007ffa89b90000 - 0x00007ffa89bb7000 	C:\WINDOWS\SYSTEM32\WINMM.dll
0x00007ffa971f0000 - 0x00007ffa9725b000 	C:\WINDOWS\System32\WS2_32.dll
0x00007ffa947e0000 - 0x00007ffa947f2000 	C:\WINDOWS\SYSTEM32\kernel.appcore.dll
0x00007ffa8dc80000 - 0x00007ffa8dc90000 	C:\Program Files\Java\jdk-11.0.9\bin\verify.dll
0x00007ffa93cd0000 - 0x00007ffa93eb4000 	C:\WINDOWS\SYSTEM32\DBGHELP.DLL
0x00007ffa81180000 - 0x00007ffa811ac000 	C:\WINDOWS\SYSTEM32\dbgcore.DLL
0x00007ffa967c0000 - 0x00007ffa9683f000 	C:\WINDOWS\System32\bcryptPrimitives.dll
0x00007ffa7c9a0000 - 0x00007ffa7c9c8000 	C:\Program Files\Java\jdk-11.0.9\bin\java.dll
0x00007ffa8b0a0000 - 0x00007ffa8b0aa000 	C:\Program Files\Java\jdk-11.0.9\bin\jimage.dll
0x00007ffa7c980000 - 0x00007ffa7c996000 	C:\Program Files\Java\jdk-11.0.9\bin\zip.dll
0x00007ffa97260000 - 0x00007ffa979a0000 	C:\WINDOWS\System32\SHELL32.dll
0x00007ffa94030000 - 0x00007ffa947c4000 	C:\WINDOWS\SYSTEM32\windows.storage.dll
0x00007ffa97fa0000 - 0x00007ffa982f5000 	C:\WINDOWS\System32\combase.dll
0x00007ffa957f0000 - 0x00007ffa9581c000 	C:\WINDOWS\SYSTEM32\Wldp.dll
0x00007ffa96a00000 - 0x00007ffa96aae000 	C:\WINDOWS\System32\SHCORE.dll
0x00007ffa97e00000 - 0x00007ffa97e55000 	C:\WINDOWS\System32\shlwapi.dll
0x00007ffa95e50000 - 0x00007ffa95e76000 	C:\WINDOWS\SYSTEM32\profapi.dll
0x00007ffa7c960000 - 0x00007ffa7c979000 	C:\Program Files\Java\jdk-11.0.9\bin\net.dll
0x00007ffa8db50000 - 0x00007ffa8dc50000 	C:\WINDOWS\SYSTEM32\WINHTTP.dll
0x00007ffa955e0000 - 0x00007ffa9564a000 	C:\WINDOWS\system32\mswsock.dll
0x00007ffa7c940000 - 0x00007ffa7c952000 	C:\Program Files\Java\jdk-11.0.9\bin\nio.dll
0x00007ffa95830000 - 0x00007ffa95848000 	C:\WINDOWS\SYSTEM32\CRYPTSP.dll
0x00007ffa94f90000 - 0x00007ffa94fc4000 	C:\WINDOWS\system32\rsaenh.dll
0x00007ffa966e0000 - 0x00007ffa96707000 	C:\WINDOWS\System32\bcrypt.dll
0x00007ffa95e10000 - 0x00007ffa95e3e000 	C:\WINDOWS\SYSTEM32\USERENV.dll
0x00007ffa95760000 - 0x00007ffa9576c000 	C:\WINDOWS\SYSTEM32\CRYPTBASE.dll
0x00007ffa952f0000 - 0x00007ffa9532b000 	C:\WINDOWS\SYSTEM32\IPHLPAPI.DLL
0x00007ffa983b0000 - 0x00007ffa983b9000 	C:\WINDOWS\System32\NSI.dll
0x00007ffa8d6a0000 - 0x00007ffa8d6b7000 	C:\WINDOWS\SYSTEM32\dhcpcsvc6.DLL
0x00007ffa8d8a0000 - 0x00007ffa8d8bd000 	C:\WINDOWS\SYSTEM32\dhcpcsvc.DLL
0x00007ffa95330000 - 0x00007ffa953fb000 	C:\WINDOWS\SYSTEM32\DNSAPI.dll
0x00007ffa79b60000 - 0x00007ffa79b8a000 	C:\Users\JHern\AppData\Roaming\Code\User\globalStorage\redhat.java\0.69.0\config_win\org.eclipse.equinox.launcher\org.eclipse.equinox.launcher.win32.win32.x86_64_1.1.1300.v20200819-0940\eclipse_11100.dll
0x00007ffa79b40000 - 0x00007ffa79b51000 	C:\Users\JHern\AppData\Roaming\Code\User\globalStorage\redhat.java\0.69.0\config_win\org.eclipse.osgi\21\0\.cp\jWinHttp-1.0.0.dll
0x00007ffa96bb0000 - 0x00007ffa96cda000 	C:\WINDOWS\System32\ole32.dll
0x00007ffa90910000 - 0x00007ffa9091d000 	C:\Program Files\Java\jdk-11.0.9\bin\sunmscapi.dll
0x00007ffa96450000 - 0x00007ffa965ad000 	C:\WINDOWS\System32\CRYPT32.dll
0x00007ffa959b0000 - 0x00007ffa959d7000 	C:\WINDOWS\SYSTEM32\ncrypt.dll
0x00007ffa95950000 - 0x00007ffa9598b000 	C:\WINDOWS\SYSTEM32\NTASN1.dll
0x00007ffa78f90000 - 0x00007ffa78fb5000 	C:\Program Files\Java\jdk-11.0.9\bin\sunec.dll
0x0000000073710000 - 0x0000000073736000 	C:\Program Files\Bonjour\mdnsNSP.dll
0x00007ffa8e110000 - 0x00007ffa8e11a000 	C:\Windows\System32\rasadhlp.dll
0x00007ffa869c0000 - 0x00007ffa86a3f000 	C:\WINDOWS\System32\fwpuclnt.dll

dbghelp: loaded successfully - version: 4.0.5 - missing functions: none
symbol engine: initialized successfully - sym options: 0x614 - pdb path: .;C:\Program Files\Java\jdk-11.0.9\bin;C:\WINDOWS\SYSTEM32;C:\WINDOWS\WinSxS\amd64_microsoft.windows.common-controls_6595b64144ccf1df_6.0.19041.488_none_ca04af081b815d21;C:\Program Files\Java\jdk-11.0.9\bin\server;C:\Users\JHern\AppData\Roaming\Code\User\globalStorage\redhat.java\0.69.0\config_win\org.eclipse.equinox.launcher\org.eclipse.equinox.launcher.win32.win32.x86_64_1.1.1300.v20200819-0940;C:\Users\JHern\AppData\Roaming\Code\User\globalStorage\redhat.java\0.69.0\config_win\org.eclipse.osgi\21\0\.cp;C:\Program Files\Bonjour

VM Arguments:
jvm_args: --add-modules=ALL-SYSTEM --add-opens=java.base/java.util=ALL-UNNAMED --add-opens=java.base/java.lang=ALL-UNNAMED -Declipse.application=org.eclipse.jdt.ls.core.id1 -Dosgi.bundles.defaultStartLevel=4 -Declipse.product=org.eclipse.jdt.ls.core.product -Dfile.encoding=utf8 -DwatchParentProcess=false -XX:+UseParallelGC -XX:GCTimeRatio=4 -XX:AdaptiveSizePolicyWeight=90 -Dsun.zip.disableMemoryMapping=true -Xmx1G -Xms100m -Xverify:none 
java_command: c:\Users\JHern\.vscode\extensions\redhat.java-0.69.0\server\plugins\org.eclipse.equinox.launcher_1.5.800.v20200727-1323.jar -configuration c:\Users\JHern\AppData\Roaming\Code\User\globalStorage\redhat.java\0.69.0\config_win -data c:\Users\JHern\AppData\Roaming\Code\User\workspaceStorage\293bde8d5f41b3fd17be248e248a4d6a\redhat.java\jdt_ws
java_class_path (initial): c:\Users\JHern\.vscode\extensions\redhat.java-0.69.0\server\plugins\org.eclipse.equinox.launcher_1.5.800.v20200727-1323.jar
Launcher Type: SUN_STANDARD

[Global flags]
    uintx AdaptiveSizePolicyWeight                 = 90                                        {product} {command line}
     bool BytecodeVerificationLocal                = false                                     {product} {command line}
     bool BytecodeVerificationRemote               = false                                     {product} {command line}
     intx CICompilerCount                          = 12                                        {product} {ergonomic}
    uintx GCTimeRatio                              = 4                                         {product} {command line}
   size_t InitialHeapSize                          = 104857600                                 {product} {command line}
   size_t MaxHeapSize                              = 1073741824                                {product} {command line}
   size_t MaxNewSize                               = 357564416                                 {product} {ergonomic}
   size_t MinHeapDeltaBytes                        = 524288                                    {product} {ergonomic}
   size_t NewSize                                  = 34603008                                  {product} {ergonomic}
    uintx NonNMethodCodeHeapSize                   = 7594288                                {pd product} {ergonomic}
    uintx NonProfiledCodeHeapSize                  = 122031976                              {pd product} {ergonomic}
   size_t OldSize                                  = 70254592                                  {product} {ergonomic}
    uintx ProfiledCodeHeapSize                     = 122031976                              {pd product} {ergonomic}
    uintx ReservedCodeCacheSize                    = 251658240                              {pd product} {ergonomic}
     bool SegmentedCodeCache                       = true                                      {product} {ergonomic}
     bool UseCompressedClassPointers               = true                                 {lp64_product} {ergonomic}
     bool UseCompressedOops                        = true                                 {lp64_product} {ergonomic}
     bool UseLargePagesIndividualAllocation        = false                                  {pd product} {ergonomic}
     bool UseParallelGC                            = true                                      {product} {command line}

Logging:
Log output configuration:
 #0: stdout all=warning uptime,level,tags
 #1: stderr all=off uptime,level,tags

Environment Variables:
JAVA_HOME=C:\Program Files\Java\jdk-11.0.9
PATH=C:\Program Files\Common Files\Oracle\Java\javapath;C:\Python39\Scripts\;C:\Python39\;C:\Program Files\NVIDIA GPU Computing Toolkit\CUDA\v10.1\bin;C:\Program Files\NVIDIA GPU Computing Toolkit\CUDA\v10.1\libnvvp;C:\Program Files (x86)\Python38-32\Scripts\;C:\Program Files (x86)\Python38-32\;C:\Program Files (x86)\Common Files\Intel\Shared Libraries\redist\intel64\compiler;C:\Program Files (x86)\Common Files\Oracle\Java\javapath;C:\Windows\system32;C:\Windows;C:\Windows\System32\Wbem;C:\Windows\System32\WindowsPowerShell\v1.0\;C:\Windows\System32\OpenSSH\;C:\Program Files\Git\cmd;C:\WINDOWS\system32;C:\WINDOWS;C:\WINDOWS\System32\Wbem;C:\WINDOWS\System32\WindowsPowerShell\v1.0\;C:\WINDOWS\System32\OpenSSH\;C:\Program Files\Microsoft SQL Server\130\Tools\Binn\;C:\Program Files\NVIDIA Corporation\Nsight Compute 2019.4.0\;C:\Program Files (x86)\NVIDIA Corporation\PhysX\Common;D:\src\flutter\bin;C:\Program Files\nodejs\;C:\ProgramData\chocolatey\bin;C:\Users\JHern\anaconda3;C:\Users\JHern\anaconda3\Library\mingw-w64\bin;C:\Users\JHern\anaconda3\Library\usr\bin;C:\Users\JHern\anaconda3\Library\bin;C:\Users\JHern\anaconda3\Scripts;C:\Users\JHern\AppData\Local\Microsoft\WindowsApps;C:\Program Files\JetBrains\PyCharm 2020.1.4\bin;;C:\Program Files\JetBrains\IntelliJ IDEA 2020.1.4\bin;;C:\Users\JHern\AppData\Local\Programs\Microsoft VS Code\bin;C:\Program Files\heroku\bin;C:\Program Files\NVIDIA GPU Computing Toolkit\CUDA\v10.1\bin;C:\Program Files\NVIDIA GPU Computing Toolkit\CUDA\v10.1\libnvvp;C:\Program Files (x86)\GitHub CLI\;C:\Users\JHern\AppData\Roaming\npm
USERNAME=JHern
OS=Windows_NT
PROCESSOR_IDENTIFIER=Intel64 Family 6 Model 158 Stepping 13, GenuineIntel



---------------  S Y S T E M  ---------------

OS: Windows 10 , 64 bit Build 19041 (10.0.19041.546)
HyperV virtualization detected

CPU:total 16 (initial active 16) (8 cores per cpu, 2 threads per core) family 6 model 158 stepping 13, cmov, cx8, fxsr, mmx, sse, sse2, sse3, ssse3, sse4.1, sse4.2, popcnt, avx, avx2, aes, clmul, erms, rtm, 3dnowpref, lzcnt, ht, tsc, tscinvbit, bmi1, bmi2, adx, fma

Memory: 4k page, system-wide physical 32699M (19555M free)
TotalPageFile size 37563M (AvailPageFile size 19198M)
current process WorkingSet (physical memory assigned to process): 691M, peak: 782M
current process commit charge ("private bytes"): 697M, peak: 817M

vm_info: Java HotSpot(TM) 64-Bit Server VM (11.0.9+7-LTS) for windows-amd64 JRE (11.0.9+7-LTS), built on Sep 15 2020 16:47:03 by "mach5one" with MS VC++ 15.9 (VS2017)

END.
